2018-11-30T16:20:55.230Z - info: Environment variables loaded.
2018-11-30T16:20:55.239Z - debug: START routing
2018-11-30T16:20:55.265Z - debug: END routing
2018-11-30T16:20:55.265Z - info: Loaded routing.
2018-11-30T16:20:55.298Z - info: START seeder.
2018-11-30T16:20:55.301Z - debug: 5 customers seeded
2018-11-30T16:20:55.302Z - debug: 5 customers seeded
2018-11-30T16:20:55.305Z - debug: 6 products seeded
2018-11-30T16:20:55.306Z - debug: 5 orders seeded
2018-11-30T16:20:55.307Z - debug: 5 orderLineItems seeded
2018-11-30T16:20:55.307Z - info: END Seeder. Sample data read and verified.
2018-11-30T16:21:00.322Z - debug: GET /
2018-11-30T16:21:00.445Z - debug: GET /CSS/favicon-32x32.png
2018-11-30T16:21:00.517Z - debug: GET /images/manifest.json
2018-11-30T16:21:02.465Z - debug: GET /customers
2018-11-30T16:21:02.618Z - debug: GET /images/manifest.json
2018-11-30T16:21:03.849Z - debug: GET /
2018-11-30T16:21:04.023Z - debug: GET /images/manifest.json
2018-11-30T16:21:04.970Z - debug: GET /products
2018-11-30T16:21:05.163Z - debug: GET /images/manifest.json
2018-11-30T16:21:06.165Z - debug: GET /
2018-11-30T16:21:06.296Z - debug: GET /images/manifest.json
2018-11-30T16:21:06.947Z - debug: GET /order
2018-11-30T16:21:07.120Z - debug: GET /images/manifest.json
2018-11-30T16:21:08.163Z - debug: GET /
2018-11-30T16:21:08.294Z - debug: GET /images/manifest.json
2018-11-30T16:21:09.615Z - debug: GET /orderLineItem
2018-11-30T16:21:09.749Z - debug: GET /images/manifest.json
